[2025-01-21 14:30:01] - Top 5 resource-heavy processes
-e Top 5 CPU-consuming processes:

    PID    PPID %CPU %MEM
  15060   13008 31.7  0.4
   7962    6726 23.7  7.9
   6753    6707  6.6  1.2
   1857    1811  6.1  1.5
   1365    1353  2.7  0.8
-e 
Top 5 Memory-consuming processes:

    PID    PPID %CPU %MEM
  15060   13008 31.3  0.4
   7962    6726 23.7  7.9
   6753    6707  6.6  1.2
   1857    1811  6.1  1.5
   1365    1353  2.7  0.8
-e 
--------------------------------------------------------

[2025-01-21 14:35:01] - Top 5 resource-heavy processes
-e Top 5 CPU-consuming processes:

    PID    PPID %CPU %MEM
   7962    6726 23.3  8.1
   6753    6707  6.5  1.2
   1857    1811  6.0  1.5
  15243   15156  4.8  1.4
   1365    1353  2.7  0.8
-e 
Top 5 Memory-consuming processes:

    PID    PPID %CPU %MEM
   7962    6726 23.3  8.1
   6753    6707  6.5  1.2
   1857    1811  6.0  1.5
  15243   15156  4.8  1.4
   1365    1353  2.7  0.8
-e 
--------------------------------------------------------

[2025-01-21 14:40:01] - Top 5 resource-heavy processes
-e Top 5 CPU-consuming processes:

    PID    PPID %CPU %MEM
   7962    6726 22.9  7.6
   6753    6707  6.4  1.2
   1857    1811  6.0  1.5
   1365    1353  2.7  0.8
  15243   15156  2.6  1.3
-e 
Top 5 Memory-consuming processes:

    PID    PPID %CPU %MEM
   7962    6726 22.9  7.6
   6753    6707  6.4  1.2
   1857    1811  6.0  1.5
   1365    1353  2.7  0.8
  15243   15156  2.6  1.3
-e 
--------------------------------------------------------

[2025-01-21 14:45:01] - Top 5 resource-heavy processes
-e Top 5 CPU-consuming processes:

    PID    PPID %CPU %MEM
   7962    6726 22.5  7.8
   6753    6707  6.3  1.2
   1857    1811  5.9  1.5
   1365    1353  2.7  0.8
  15243   15156  2.3  1.3
-e 
Top 5 Memory-consuming processes:

    PID    PPID %CPU %MEM
   7962    6726 22.5  7.8
   6753    6707  6.3  1.2
   1857    1811  5.9  1.5
   1365    1353  2.7  0.8
  15243   15156  2.3  1.3
-e 
--------------------------------------------------------

